<?xml version="1.0" encoding="UTF-8"?>
<testsuite xmlns:xsi="http://www.w3.org/2001/XMLSchema-instance" xsi:noNamespaceSchemaLocation="https://maven.apache.org/surefire/maven-surefire-plugin/xsd/surefire-test-report-3.0.xsd" version="3.0" name="com.amazonaws.lambda.demo.LambdaFunctionHandlerTest" time="1.751" tests="1" errors="0" skipped="0" failures="0">
  <properties>
[...]
</properties>
  <testcase name="testLambdaFunctionHandler" classname="com.amazonaws.lambda.demo.LambdaFunctionHandlerTest" time="1.718">
    <system-out><![CDATA[Reading started...
Input received: {
    "id":"ioufhvs-id",
    "firstName":"test-firstName",
    "lastName":"test-lastName"
}
DynamoDB Table with name: customers already exists.
Persisted Customer [id=waBnI, firstName=test-firstName, lastName=test-lastName] to Customer DynamoDB Table.
Size of table: 21
Table item index: 0 
Table data: Customer [id=d92lb, firstName=test-firstName, lastName=test-lastName]
Table item index: 1 
Table data: Customer [id=SoKOh, firstName=test-firstName, lastName=test-lastName]
Table item index: 2 
Table data: Customer [id=0qEOW, firstName=test-firstName, lastName=test-lastName]
Table item index: 3 
Table data: Customer [id=Oz7vf, firstName=test-firstName, lastName=test-lastName]
Table item index: 4 
Table data: Customer [id=mAoui, firstName=test-firstName, lastName=test-lastName]
Table item index: 5 
Table data: Customer [id=DkX20, firstName=test-firstName, lastName=test-lastName]
Table item index: 6 
Table data: Customer [id=CBK8u, firstName=test-firstName, lastName=test-lastName]
Table item index: 7 
Table data: Customer [id=fPxGG, firstName=test-firstName, lastName=test-lastName]
Table item index: 8 
Table data: Customer [id=kKazE, firstName=test-firstName, lastName=test-lastName]
Table item index: 9 
Table data: Customer [id=wy4pP, firstName=test-firstName, lastName=test-lastName]
Table item index: 10 
Table data: Customer [id=y9hfM, firstName=test-firstName, lastName=test-lastName]
Table item index: 11 
Table data: Customer [id=ILaQK, firstName=test-firstName, lastName=test-lastName]
Table item index: 12 
Table data: Customer [id=waBnI, firstName=test-firstName, lastName=test-lastName]
Table item index: 13 
Table data: Customer [id=ioufhvs-id, firstName=test-firstName, lastName=test-lastName]
Table item index: 14 
Table data: Customer [id=PGLGj, firstName=test-firstName, lastName=test-lastName]
Table item index: 15 
Table data: Customer [id=TM3Yc, firstName=test-firstName, lastName=test-lastName]
Table item index: 16 
Table data: Customer [id=WtOyJ, firstName=test-firstName, lastName=test-lastName]
Table item index: 17 
Table data: Customer [id=BScNG, firstName=test-firstName, lastName=test-lastName]
Table item index: 18 
Table data: Customer [id=1Gl27, firstName=test-firstName, lastName=test-lastName]
Table item index: 19 
Table data: Customer [id=QwuVB, firstName=test-firstName, lastName=test-lastName]
Table item index: 20 
Table data: Customer [id=EFwL3, firstName=test-firstName, lastName=test-lastName]
Lambda execution completed with responseData: Test from CloudSpikes!!Table data for index: 0 Customer [id=d92lb, firstName=test-firstName, lastName=test-lastName] 
Table data for index: 1 Customer [id=SoKOh, firstName=test-firstName, lastName=test-lastName] 
Table data for index: 2 Customer [id=0qEOW, firstName=test-firstName, lastName=test-lastName] 
Table data for index: 3 Customer [id=Oz7vf, firstName=test-firstName, lastName=test-lastName] 
Table data for index: 4 Customer [id=mAoui, firstName=test-firstName, lastName=test-lastName] 
Table data for index: 5 Customer [id=DkX20, firstName=test-firstName, lastName=test-lastName] 
Table data for index: 6 Customer [id=CBK8u, firstName=test-firstName, lastName=test-lastName] 
Table data for index: 7 Customer [id=fPxGG, firstName=test-firstName, lastName=test-lastName] 
Table data for index: 8 Customer [id=kKazE, firstName=test-firstName, lastName=test-lastName] 
Table data for index: 9 Customer [id=wy4pP, firstName=test-firstName, lastName=test-lastName] 
Table data for index: 10 Customer [id=y9hfM, firstName=test-firstName, lastName=test-lastName] 
Table data for index: 11 Customer [id=ILaQK, firstName=test-firstName, lastName=test-lastName] 
Table data for index: 12 Customer [id=waBnI, firstName=test-firstName, lastName=test-lastName] 
Table data for index: 13 Customer [id=ioufhvs-id, firstName=test-firstName, lastName=test-lastName] 
Table data for index: 14 Customer [id=PGLGj, firstName=test-firstName, lastName=test-lastName] 
Table data for index: 15 Customer [id=TM3Yc, firstName=test-firstName, lastName=test-lastName] 
Table data for index: 16 Customer [id=WtOyJ, firstName=test-firstName, lastName=test-lastName] 
Table data for index: 17 Customer [id=BScNG, firstName=test-firstName, lastName=test-lastName] 
Table data for index: 18 Customer [id=1Gl27, firstName=test-firstName, lastName=test-lastName] 
Table data for index: 19 Customer [id=QwuVB, firstName=test-firstName, lastName=test-lastName] 
Table data for index: 20 Customer [id=EFwL3, firstName=test-firstName, lastName=test-lastName] 

Test from CloudSpikes!!Table data for index: 0 Customer [id=d92lb, firstName=test-firstName, lastName=test-lastName] 
Table data for index: 1 Customer [id=SoKOh, firstName=test-firstName, lastName=test-lastName] 
Table data for index: 2 Customer [id=0qEOW, firstName=test-firstName, lastName=test-lastName] 
Table data for index: 3 Customer [id=Oz7vf, firstName=test-firstName, lastName=test-lastName] 
Table data for index: 4 Customer [id=mAoui, firstName=test-firstName, lastName=test-lastName] 
Table data for index: 5 Customer [id=DkX20, firstName=test-firstName, lastName=test-lastName] 
Table data for index: 6 Customer [id=CBK8u, firstName=test-firstName, lastName=test-lastName] 
Table data for index: 7 Customer [id=fPxGG, firstName=test-firstName, lastName=test-lastName] 
Table data for index: 8 Customer [id=kKazE, firstName=test-firstName, lastName=test-lastName] 
Table data for index: 9 Customer [id=wy4pP, firstName=test-firstName, lastName=test-lastName] 
Table data for index: 10 Customer [id=y9hfM, firstName=test-firstName, lastName=test-lastName] 
Table data for index: 11 Customer [id=ILaQK, firstName=test-firstName, lastName=test-lastName] 
Table data for index: 12 Customer [id=waBnI, firstName=test-firstName, lastName=test-lastName] 
Table data for index: 13 Customer [id=ioufhvs-id, firstName=test-firstName, lastName=test-lastName] 
Table data for index: 14 Customer [id=PGLGj, firstName=test-firstName, lastName=test-lastName] 
Table data for index: 15 Customer [id=TM3Yc, firstName=test-firstName, lastName=test-lastName] 
Table data for index: 16 Customer [id=WtOyJ, firstName=test-firstName, lastName=test-lastName] 
Table data for index: 17 Customer [id=BScNG, firstName=test-firstName, lastName=test-lastName] 
Table data for index: 18 Customer [id=1Gl27, firstName=test-firstName, lastName=test-lastName] 
Table data for index: 19 Customer [id=QwuVB, firstName=test-firstName, lastName=test-lastName] 
Table data for index: 20 Customer [id=EFwL3, firstName=test-firstName, lastName=test-lastName] 

]]></system-out>
  </testcase>
</testsuite>