<?xml version="1.0" encoding="UTF-8"?>
<testsuite xmlns:xsi="http://www.w3.org/2001/XMLSchema-instance" xsi:noNamespaceSchemaLocation="https://maven.apache.org/surefire/maven-surefire-plugin/xsd/surefire-test-report-3.0.xsd" version="3.0" name="com.amazonaws.lambda.demo.LambdaFunctionHandlerTest" time="1.763" tests="1" errors="0" skipped="0" failures="0">
  <properties>
[...]
</properties>
  <testcase name="testLambdaFunctionHandler" classname="com.amazonaws.lambda.demo.LambdaFunctionHandlerTest" time="1.745">
    <system-out><![CDATA[Starting Lambda func
Input received: {
    "petName":"test-petName",
    "ownerName":"test-ownerName",
    "dogSpecies":"test-dogSpecies"
}
Pet Name: test-petName
Owner Name: test-ownerName
Dog Species: test-dogSpecies
Executing INSERT SQL Query: INSERT INTO pet_data VALUES ('test-petName', 'test-ownerName', 'test-dogSpecies')
resultCount: 1
Insertion operation: resultCount: 1
Executing SELECT SQL Query: select * from pet_data
Final apiResponse: 
 Pet Data Set number 0 from the AWS RDS MySQL DB Instance: Pet Name = Jackson  Owner Name = Dhruv  Dog Species = Golden Retriever 
 Pet Data Set number 1 from the AWS RDS MySQL DB Instance: Pet Name = Mike  Owner Name = Dhruv  Dog Species = Beagle 
 Pet Data Set number 2 from the AWS RDS MySQL DB Instance: Pet Name = test-petName  Owner Name = test-ownerName  Dog Species = test-dogSpecies 

Ending Lambda func, responseMsg: 
  Pet Data Set number 0 from the AWS RDS MySQL DB Instance: Pet Name = Jackson  Owner Name = Dhruv  Dog Species = Golden Retriever 
 Pet Data Set number 1 from the AWS RDS MySQL DB Instance: Pet Name = Mike  Owner Name = Dhruv  Dog Species = Beagle 
 Pet Data Set number 2 from the AWS RDS MySQL DB Instance: Pet Name = test-petName  Owner Name = test-ownerName  Dog Species = test-dogSpecies 

 Pet Data Set number 0 from the AWS RDS MySQL DB Instance: Pet Name = Jackson  Owner Name = Dhruv  Dog Species = Golden Retriever 
 Pet Data Set number 1 from the AWS RDS MySQL DB Instance: Pet Name = Mike  Owner Name = Dhruv  Dog Species = Beagle 
 Pet Data Set number 2 from the AWS RDS MySQL DB Instance: Pet Name = test-petName  Owner Name = test-ownerName  Dog Species = test-dogSpecies 

]]></system-out>
  </testcase>
</testsuite>