<?xml version="1.0" encoding="UTF-8"?>
<testsuite xmlns:xsi="http://www.w3.org/2001/XMLSchema-instance" xsi:noNamespaceSchemaLocation="https://maven.apache.org/surefire/maven-surefire-plugin/xsd/surefire-test-report-3.0.xsd" version="3.0" name="com.amazonaws.lambda.demo.LambdaFunctionHandlerTest" time="1.462" tests="1" errors="0" skipped="0" failures="0">
  <properties>
[...]
</properties>
  <testcase name="testLambdaFunctionHandler" classname="com.amazonaws.lambda.demo.LambdaFunctionHandlerTest" time="1.427">
    <system-out><![CDATA[Reading started...
Input received: {
    "notificationMsg":"test3",
    "notificationSubscribers":"ranadhruv42@gmail.com,ranaavani712@gmail.com,dhruvrana4244@gmail.com"
}
Notification Msg: test3
Notification Subscribers: ranadhruv42@gmail.com,ranaavani712@gmail.com,dhruvrana4244@gmail.com
SNS Topic ARN under scan: arn:aws:sns:us-east-1:615311846444:Budget_Topic
SNS Topic ARN under scan: arn:aws:sns:us-east-1:615311846444:asg-test-topic
SNS Topic ARN under scan: arn:aws:sns:us-east-1:615311846444:testJavaTopic
Endpoint at: 0 value is: ranaavani712@gmail.com
Endpoint at: 1 value is: dhruvrana4244@gmail.com
Endpoint at: 2 value is: +16473767753
Endpoint at: 3 value is: ranadhruv42@gmail.com
Endpoint at: 4 value is: dhruvrana2910@gmail.com
Subscriber: ranadhruv42@gmail.com already exists.
Subscriber: ranaavani712@gmail.com already exists.
Subscriber: dhruvrana4244@gmail.com already exists.
Lambda execution completed with responseData: Test from CloudSpikes!!
Test from CloudSpikes!!
]]></system-out>
  </testcase>
</testsuite>